<?xml version="1.0" encoding="UTF-8"?>
<!-- Generated by org.testng.reporters.JUnitReportReporter -->
<testsuite hostname="DESKTOP-FRH19EH" name="cn.ianzhang.automation.AppAutoTest" tests="1" failures="0" timestamp="19 Mar 2020 05:11:32 GMT" time="10.358" errors="1">
  <testcase name="appAuto" time="10.358" classname="cn.ianzhang.automation.AppAutoTest">
    <error type="org.openqa.selenium.NoSuchElementException" message="An element could not be located on the page using the given search parameters.
For documentation on this error, please visit: https://www.seleniumhq.org/exceptions/no_such_element.html
Build info: version: &#039;3.141.59&#039;, revision: &#039;e82be7d358&#039;, time: &#039;2018-11-14T08:17:03&#039;
System info: host: &#039;DESKTOP-FRH19EH&#039;, ip: &#039;192.168.89.2&#039;, os.name: &#039;Windows 10&#039;, os.arch: &#039;amd64&#039;, os.version: &#039;10.0&#039;, java.version: &#039;1.8.0_201&#039;
Driver info: io.appium.java_client.android.AndroidDriver
Capabilities {app: D:\Eclipse\workspace\open_a..., appActivity: .activity.SplashActivity, appPackage: com.douban.frodo, automationName: UIAutomator2, databaseEnabled: false, desired: {app: D:\Eclipse\workspace\open_a..., appActivity: .activity.SplashActivity, appPackage: com.douban.frodo, automationName: UIAutomator2, deviceName: Q5S0219527006125, newCommandTimeout: 10, nosign: True, platformName: android, platformVersion: 10}, deviceApiLevel: 29, deviceManufacturer: HUAWEI, deviceModel: ELE-AL00, deviceName: Q5S0219527006125, deviceScreenDensity: 480, deviceScreenSize: 1080x2340, deviceUDID: Q5S0219527006125, javascriptEnabled: true, locationContextEnabled: false, networkConnectionEnabled: true, newCommandTimeout: 10, nosign: True, pixelRatio: 3, platform: LINUX, platformName: Android, platformVersion: 10, statBarHeight: 75, takesScreenshot: true, viewportRect: {height: 2190, left: 0, top: 75, width: 1080}, warnings: {}, webStorageEnabled: false}
Session ID: d6868911-8408-4a1a-a443-e389bfc62397
*** Element info: {Using=id, value=search_hint}">
      <![CDATA[org.openqa.selenium.NoSuchElementException: An element could not be located on the page using the given search parameters.
For documentation on this error, please visit: https://www.seleniumhq.org/exceptions/no_such_element.html
Build info: version: '3.141.59', revision: 'e82be7d358', time: '2018-11-14T08:17:03'
System info: host: 'DESKTOP-FRH19EH', ip: '192.168.89.2', os.name: 'Windows 10', os.arch: 'amd64', os.version: '10.0', java.version: '1.8.0_201'
Driver info: io.appium.java_client.android.AndroidDriver
Capabilities {app: D:\Eclipse\workspace\open_a..., appActivity: .activity.SplashActivity, appPackage: com.douban.frodo, automationName: UIAutomator2, databaseEnabled: false, desired: {app: D:\Eclipse\workspace\open_a..., appActivity: .activity.SplashActivity, appPackage: com.douban.frodo, automationName: UIAutomator2, deviceName: Q5S0219527006125, newCommandTimeout: 10, nosign: True, platformName: android, platformVersion: 10}, deviceApiLevel: 29, deviceManufacturer: HUAWEI, deviceModel: ELE-AL00, deviceName: Q5S0219527006125, deviceScreenDensity: 480, deviceScreenSize: 1080x2340, deviceUDID: Q5S0219527006125, javascriptEnabled: true, locationContextEnabled: false, networkConnectionEnabled: true, newCommandTimeout: 10, nosign: True, pixelRatio: 3, platform: LINUX, platformName: Android, platformVersion: 10, statBarHeight: 75, takesScreenshot: true, viewportRect: {height: 2190, left: 0, top: 75, width: 1080}, warnings: {}, webStorageEnabled: false}
Session ID: d6868911-8408-4a1a-a443-e389bfc62397
*** Element info: {Using=id, value=search_hint}
	at sun.reflect.NativeConstructorAccessorImpl.newInstance0(Native Method)
	at sun.reflect.NativeConstructorAccessorImpl.newInstance(NativeConstructorAccessorImpl.java:62)
	at sun.reflect.DelegatingConstructorAccessorImpl.newInstance(DelegatingConstructorAccessorImpl.java:45)
	at java.lang.reflect.Constructor.newInstance(Constructor.java:423)
	at org.openqa.selenium.remote.http.W3CHttpResponseCodec.createException(W3CHttpResponseCodec.java:187)
	at org.openqa.selenium.remote.http.W3CHttpResponseCodec.decode(W3CHttpResponseCodec.java:122)
	at org.openqa.selenium.remote.http.W3CHttpResponseCodec.decode(W3CHttpResponseCodec.java:49)
	at org.openqa.selenium.remote.HttpCommandExecutor.execute(HttpCommandExecutor.java:158)
	at io.appium.java_client.remote.AppiumCommandExecutor.execute(AppiumCommandExecutor.java:239)
	at org.openqa.selenium.remote.RemoteWebDriver.execute(RemoteWebDriver.java:552)
	at io.appium.java_client.DefaultGenericMobileDriver.execute(DefaultGenericMobileDriver.java:42)
	at io.appium.java_client.AppiumDriver.execute(AppiumDriver.java:1)
	at io.appium.java_client.android.AndroidDriver.execute(AndroidDriver.java:1)
	at org.openqa.selenium.remote.RemoteWebDriver.findElement(RemoteWebDriver.java:323)
	at io.appium.java_client.DefaultGenericMobileDriver.findElement(DefaultGenericMobileDriver.java:62)
	at io.appium.java_client.AppiumDriver.findElement(AppiumDriver.java:1)
	at io.appium.java_client.android.AndroidDriver.findElement(AndroidDriver.java:1)
	at org.openqa.selenium.remote.RemoteWebDriver.findElementById(RemoteWebDriver.java:372)
	at io.appium.java_client.DefaultGenericMobileDriver.findElementById(DefaultGenericMobileDriver.java:70)
	at io.appium.java_client.AppiumDriver.findElementById(AppiumDriver.java:1)
	at io.appium.java_client.android.AndroidDriver.findElementById(AndroidDriver.java:1)
	at org.openqa.selenium.By$ById.findElement(By.java:188)
	at org.openqa.selenium.remote.RemoteWebDriver.findElement(RemoteWebDriver.java:315)
	at io.appium.java_client.DefaultGenericMobileDriver.findElement(DefaultGenericMobileDriver.java:58)
	at io.appium.java_client.AppiumDriver.findElement(AppiumDriver.java:1)
	at io.appium.java_client.android.AndroidDriver.findElement(AndroidDriver.java:1)
	at com.cucu.action.ElementAction.appGetElement(ElementAction.java:156)
	at com.cucu.action.ElementAction.appClick(ElementAction.java:187)
	at cn.ianzhang.automation.AppAutoTest.appAuto(AppAutoTest.java:26)
	at sun.reflect.NativeMethodAccessorImpl.invoke0(Native Method)
	at sun.reflect.NativeMethodAccessorImpl.invoke(NativeMethodAccessorImpl.java:62)
	at sun.reflect.DelegatingMethodAccessorImpl.invoke(DelegatingMethodAccessorImpl.java:43)
	at java.lang.reflect.Method.invoke(Method.java:498)
	at org.testng.internal.MethodInvocationHelper.invokeMethod(MethodInvocationHelper.java:86)
	at org.testng.internal.Invoker.invokeMethod(Invoker.java:643)
	at org.testng.internal.Invoker.invokeTestMethod(Invoker.java:820)
	at org.testng.internal.Invoker.invokeTestMethods(Invoker.java:1128)
	at org.testng.internal.TestMethodWorker.invokeTestMethods(TestMethodWorker.java:129)
	at org.testng.internal.TestMethodWorker.run(TestMethodWorker.java:112)
	at org.testng.TestRunner.privateRun(TestRunner.java:782)
	at org.testng.TestRunner.run(TestRunner.java:632)
	at org.testng.SuiteRunner.runTest(SuiteRunner.java:366)
	at org.testng.SuiteRunner.runSequentially(SuiteRunner.java:361)
	at org.testng.SuiteRunner.privateRun(SuiteRunner.java:319)
	at org.testng.SuiteRunner.run(SuiteRunner.java:268)
	at org.testng.SuiteRunnerWorker.runSuite(SuiteRunnerWorker.java:52)
	at org.testng.SuiteRunnerWorker.run(SuiteRunnerWorker.java:86)
	at org.testng.TestNG.runSuitesSequentially(TestNG.java:1244)
	at org.testng.TestNG.runSuitesLocally(TestNG.java:1169)
	at org.testng.TestNG.run(TestNG.java:1064)
	at org.testng.remote.RemoteTestNG.run(RemoteTestNG.java:113)
	at org.testng.remote.RemoteTestNG.initAndRun(RemoteTestNG.java:206)
	at org.testng.remote.RemoteTestNG.main(RemoteTestNG.java:177)
]]>
    </error>
  </testcase> <!-- appAuto -->
</testsuite> <!-- cn.ianzhang.automation.AppAutoTest -->
